t=2026-04-14T19:22:30-0500 lvl=info msg="no configuration paths supplied"
t=2026-04-14T19:22:30-0500 lvl=info msg="using configuration at default config path" path="/Users/Prappies/Library/Application Support/ngrok/ngrok.yml"
t=2026-04-14T19:22:30-0500 lvl=info msg="open config file" path="/Users/Prappies/Library/Application Support/ngrok/ngrok.yml" err=nil
t=2026-04-14T19:22:30-0500 lvl=info msg="FIPS 140 mode" enabled=false
t=2026-04-14T19:22:30-0500 lvl=info msg="starting web service" obj=web addr=127.0.0.1:4040 allow_hosts=[]
t=2026-04-14T19:22:30-0500 lvl=info msg="client session established" obj=tunnels.session
t=2026-04-14T19:22:30-0500 lvl=info msg="tunnel session started" obj=tunnels.session
t=2026-04-14T19:22:30-0500 lvl=info msg="started tunnel" obj=tunnels name=command_line addr=http://localhost:8000 url=https://scarcity-uncorrupt-octopus.ngrok-free.dev
t=2026-04-14T19:22:34-0500 lvl=info msg=start pg=/api/tunnels id=124e9727321bebad
t=2026-04-14T19:22:34-0500 lvl=info msg=end pg=/api/tunnels id=124e9727321bebad status=200 dur=700.959µs
t=2026-04-14T19:23:13-0500 lvl=info msg=start pg=/api/tunnels id=f8d67f534e35a1d1
t=2026-04-14T19:23:13-0500 lvl=info msg=end pg=/api/tunnels id=f8d67f534e35a1d1 status=200 dur=2.542875ms
t=2026-04-14T20:21:08-0500 lvl=eror msg="heartbeat timeout, terminating session" obj=tunnels.session obj=csess id=7f03168603d0 clientid=2419bff86ac30c0b87a4ab69416c99b2
t=2026-04-14T20:21:08-0500 lvl=eror msg="session closed, starting reconnect loop" obj=tunnels.session obj=csess id=b64596c00eb2 err="session closed"
t=2026-04-14T20:21:08-0500 lvl=eror msg="failed to reconnect session" obj=tunnels.session err="failed to dial ngrok server with address \"connect.ngrok-agent.com:443\": dial tcp: lookup connect.ngrok-agent.com: no such host"
t=2026-04-14T20:21:08-0500 lvl=eror msg="failed to reconnect session" obj=tunnels.session err="failed to dial ngrok server with address \"connect.ngrok-agent.com:443\": dial tcp: lookup connect.ngrok-agent.com: no such host"
t=2026-04-14T20:21:09-0500 lvl=eror msg="failed to reconnect session" obj=tunnels.session err="failed to dial ngrok server with address \"connect.ngrok-agent.com:443\": dial tcp: lookup connect.ngrok-agent.com: no such host"
t=2026-04-14T20:21:11-0500 lvl=eror msg="failed to reconnect session" obj=tunnels.session err="failed to dial ngrok server with address \"connect.ngrok-agent.com:443\": dial tcp: lookup connect.ngrok-agent.com: no such host"
t=2026-04-14T20:21:15-0500 lvl=eror msg="failed to reconnect session" obj=tunnels.session err="failed to dial ngrok server with address \"connect.ngrok-agent.com:443\": dial tcp: lookup connect.ngrok-agent.com: no such host"
t=2026-04-14T20:21:24-0500 lvl=info msg="client session established" obj=tunnels.session
t=2026-04-14T20:21:24-0500 lvl=info msg="tunnel session started" obj=tunnels.session
t=2026-04-14T20:23:55-0500 lvl=eror msg="heartbeat timeout, terminating session" obj=tunnels.session obj=csess id=b7b76c57f423 clientid=2419bff86ac30c0b87a4ab69416c99b2
t=2026-04-14T20:23:55-0500 lvl=eror msg="session closed, starting reconnect loop" obj=tunnels.session obj=csess id=b64596c00eb2 err="session closed"
t=2026-04-14T20:23:55-0500 lvl=eror msg="failed to reconnect session" obj=tunnels.session err="failed to dial ngrok server with address \"connect.ngrok-agent.com:443\": dial tcp: lookup connect.ngrok-agent.com: no such host"
t=2026-04-14T20:23:55-0500 lvl=eror msg="failed to reconnect session" obj=tunnels.session err="failed to dial ngrok server with address \"connect.ngrok-agent.com:443\": dial tcp: lookup connect.ngrok-agent.com: no such host"
t=2026-04-14T20:23:56-0500 lvl=eror msg="failed to reconnect session" obj=tunnels.session err="failed to dial ngrok server with address \"connect.ngrok-agent.com:443\": dial tcp: lookup connect.ngrok-agent.com: no such host"
t=2026-04-14T20:23:58-0500 lvl=eror msg="failed to reconnect session" obj=tunnels.session err="failed to dial ngrok server with address \"connect.ngrok-agent.com:443\": dial tcp: lookup connect.ngrok-agent.com: no such host"
t=2026-04-14T20:24:02-0500 lvl=eror msg="failed to reconnect session" obj=tunnels.session err="failed to dial ngrok server with address \"connect.ngrok-agent.com:443\": dial tcp: lookup connect.ngrok-agent.com: no such host"
t=2026-04-14T20:24:59-0500 lvl=eror msg="failed to reconnect session" obj=tunnels.session err="failed to dial ngrok server with address \"connect.ngrok-agent.com:443\": dial tcp: lookup connect.ngrok-agent.com: no such host"
t=2026-04-14T20:25:50-0500 lvl=info msg="client session established" obj=tunnels.session
t=2026-04-14T20:25:50-0500 lvl=info msg="tunnel session started" obj=tunnels.session
t=2026-04-14T20:53:35-0500 lvl=eror msg="heartbeat timeout, terminating session" obj=tunnels.session obj=csess id=9bd1ad6a18b2 clientid=2419bff86ac30c0b87a4ab69416c99b2
t=2026-04-14T20:53:35-0500 lvl=eror msg="session closed, starting reconnect loop" obj=tunnels.session obj=csess id=b64596c00eb2 err="session closed"
t=2026-04-14T20:53:36-0500 lvl=info msg="client session established" obj=tunnels.session
t=2026-04-14T20:53:36-0500 lvl=info msg="tunnel session started" obj=tunnels.session
t=2026-04-14T20:54:17-0500 lvl=eror msg="session closed, starting reconnect loop" obj=tunnels.session obj=csess id=b64596c00eb2 err="read EOF from remote peer"
t=2026-04-14T20:54:18-0500 lvl=info msg="client session established" obj=tunnels.session
t=2026-04-14T20:54:18-0500 lvl=info msg="tunnel session started" obj=tunnels.session
t=2026-04-14T20:54:36-0500 lvl=eror msg="heartbeat timeout, terminating session" obj=tunnels.session obj=csess id=522b2020c2d5 clientid=2419bff86ac30c0b87a4ab69416c99b2
t=2026-04-14T20:58:17-0500 lvl=eror msg="heartbeat timeout, terminating session" obj=tunnels.session obj=csess id=fee62bc474c7 clientid=2419bff86ac30c0b87a4ab69416c99b2
t=2026-04-14T20:58:17-0500 lvl=eror msg="session closed, starting reconnect loop" obj=tunnels.session obj=csess id=b64596c00eb2 err="session closed"
t=2026-04-14T20:58:17-0500 lvl=eror msg="failed to reconnect session" obj=tunnels.session err="failed to dial ngrok server with address \"connect.ngrok-agent.com:443\": dial tcp: lookup connect.ngrok-agent.com: no such host"
t=2026-04-14T20:58:17-0500 lvl=eror msg="failed to reconnect session" obj=tunnels.session err="failed to dial ngrok server with address \"connect.ngrok-agent.com:443\": dial tcp: lookup connect.ngrok-agent.com: no such host"
t=2026-04-14T20:58:18-0500 lvl=eror msg="failed to reconnect session" obj=tunnels.session err="failed to dial ngrok server with address \"connect.ngrok-agent.com:443\": dial tcp: lookup connect.ngrok-agent.com: no such host"
t=2026-04-14T20:58:20-0500 lvl=eror msg="failed to reconnect session" obj=tunnels.session err="failed to dial ngrok server with address \"connect.ngrok-agent.com:443\": dial tcp: lookup connect.ngrok-agent.com: no such host"
t=2026-04-14T20:59:16-0500 lvl=eror msg="failed to reconnect session" obj=tunnels.session err="failed to dial ngrok server with address \"connect.ngrok-agent.com:443\": dial tcp: lookup connect.ngrok-agent.com: no such host"
t=2026-04-14T21:00:05-0500 lvl=eror msg="failed to reconnect session" obj=tunnels.session err="failed to dial ngrok server with address \"connect.ngrok-agent.com:443\": dial tcp: lookup connect.ngrok-agent.com: no such host"
t=2026-04-14T21:01:56-0500 lvl=eror msg="failed to reconnect session" obj=tunnels.session err="failed to dial ngrok server with address \"connect.ngrok-agent.com:443\": dial tcp: lookup connect.ngrok-agent.com: no such host"
t=2026-04-14T21:19:16-0500 lvl=info msg="client session established" obj=tunnels.session
t=2026-04-14T21:19:16-0500 lvl=info msg="tunnel session started" obj=tunnels.session
t=2026-04-14T21:35:56-0500 lvl=eror msg="session closed, starting reconnect loop" obj=tunnels.session obj=csess id=b64596c00eb2 err="read tcp 10.192.75.101:55865->3.134.73.173:443: read: operation timed out"
t=2026-04-14T21:35:56-0500 lvl=eror msg="failed to reconnect session" obj=tunnels.session err="failed to dial ngrok server with address \"connect.ngrok-agent.com:443\": dial tcp: lookup connect.ngrok-agent.com: no such host"
t=2026-04-14T21:35:56-0500 lvl=eror msg="failed to reconnect session" obj=tunnels.session err="failed to dial ngrok server with address \"connect.ngrok-agent.com:443\": dial tcp: lookup connect.ngrok-agent.com: no such host"
t=2026-04-14T21:35:57-0500 lvl=eror msg="failed to reconnect session" obj=tunnels.session err="failed to dial ngrok server with address \"connect.ngrok-agent.com:443\": dial tcp: lookup connect.ngrok-agent.com: no such host"
t=2026-04-14T21:35:59-0500 lvl=eror msg="failed to reconnect session" obj=tunnels.session err="failed to dial ngrok server with address \"connect.ngrok-agent.com:443\": dial tcp: lookup connect.ngrok-agent.com: no such host"
t=2026-04-14T21:36:05-0500 lvl=info msg="client session established" obj=tunnels.session
t=2026-04-14T21:36:05-0500 lvl=info msg="tunnel session started" obj=tunnels.session
t=2026-04-14T21:36:06-0500 lvl=eror msg="heartbeat timeout, terminating session" obj=tunnels.session obj=csess id=879940dbcc64 clientid=2419bff86ac30c0b87a4ab69416c99b2
t=2026-04-14T21:36:40-0500 lvl=eror msg="session closed, starting reconnect loop" obj=tunnels.session obj=csess id=b64596c00eb2 err="read EOF from remote peer"
t=2026-04-14T21:36:42-0500 lvl=info msg="client session established" obj=tunnels.session
t=2026-04-14T21:36:42-0500 lvl=info msg="tunnel session started" obj=tunnels.session
t=2026-04-14T21:37:19-0500 lvl=eror msg="heartbeat timeout, terminating session" obj=tunnels.session obj=csess id=257dc2d09434 clientid=2419bff86ac30c0b87a4ab69416c99b2
t=2026-04-14T21:39:19-0500 lvl=eror msg="heartbeat timeout, terminating session" obj=tunnels.session obj=csess id=63420bc48527 clientid=2419bff86ac30c0b87a4ab69416c99b2
t=2026-04-14T21:39:19-0500 lvl=eror msg="session closed, starting reconnect loop" obj=tunnels.session obj=csess id=b64596c00eb2 err="session closed"
t=2026-04-14T21:39:19-0500 lvl=info msg="client session established" obj=tunnels.session
t=2026-04-14T21:39:19-0500 lvl=info msg="tunnel session started" obj=tunnels.session
